2019-thg 11-11 02:16:08.528 INFO  [main] c.d.L.LogicJobApplication - Starting LogicJobApplication on DESKTOP-S9FK9UB with PID 17276 (started by johny in C:\Users\johny\OneDrive\Máy tính\Github\logicJob)
2019-thg 11-11 02:16:08.573 INFO  [main] c.d.L.LogicJobApplication - No active profile set, falling back to default profiles: default
2019-thg 11-11 02:16:09.808 INFO  [main] o.s.d.r.c.RepositoryConfigurationDelegate - Bootstrapping Spring Data repositories in DEFAULT mode.
2019-thg 11-11 02:16:09.948 INFO  [main] o.s.d.r.c.RepositoryConfigurationDelegate - Finished Spring Data repository scanning in 128ms. Found 5 repository interfaces.
2019-thg 11-11 02:16:10.345 INFO  [main] o.s.c.s.PostProcessorRegistrationDelegate$BeanPostProcessorChecker - Bean 'org.springframework.transaction.annotation.ProxyTransactionManagementConfiguration' of type [org.springframework.transaction.annotation.ProxyTransactionManagementConfiguration] is not eligible for getting processed by all BeanPostProcessors (for example: not eligible for auto-proxying)
2019-thg 11-11 02:16:10.641 INFO  [main] o.s.b.w.e.t.TomcatWebServer - Tomcat initialized with port(s): 8080 (http)
2019-thg 11-11 02:16:10.652 INFO  [main] o.a.c.c.StandardService - Starting service [Tomcat]
2019-thg 11-11 02:16:10.652 INFO  [main] o.a.c.c.StandardEngine - Starting Servlet engine: [Apache Tomcat/9.0.27]
2019-thg 11-11 02:16:10.791 INFO  [main] o.a.c.c.C.[.[.[/] - Initializing Spring embedded WebApplicationContext
2019-thg 11-11 02:16:10.792 INFO  [main] o.s.w.c.ContextLoader - Root WebApplicationContext: initialization completed in 2078 ms
2019-thg 11-11 02:16:10.948 INFO  [main] o.f.c.i.l.VersionPrinter - Flyway Community Edition 6.0.6 by Redgate
2019-thg 11-11 02:16:10.958 INFO  [main] c.z.h.HikariDataSource - HikariPool-1 - Starting...
2019-thg 11-11 02:16:11.093 INFO  [main] c.z.h.HikariDataSource - HikariPool-1 - Start completed.
2019-thg 11-11 02:16:11.115 INFO  [main] o.f.c.i.d.DatabaseFactory - Database: jdbc:postgresql://127.0.0.1:5432/demoLogicJob (PostgreSQL 11.5)
2019-thg 11-11 02:16:11.181 INFO  [main] o.f.c.i.c.DbValidate - Successfully validated 1 migration (execution time 00:00.034s)
2019-thg 11-11 02:16:11.188 INFO  [main] o.f.c.i.c.DbMigrate - Current version of schema "public": 1
2019-thg 11-11 02:16:11.189 INFO  [main] o.f.c.i.c.DbMigrate - Schema "public" is up to date. No migration necessary.
2019-thg 11-11 02:16:11.367 INFO  [main] o.h.j.i.u.LogHelper - HHH000204: Processing PersistenceUnitInfo [name: default]
2019-thg 11-11 02:16:11.466 INFO  [main] o.h.Version - HHH000412: Hibernate Core {5.4.6.Final}
2019-thg 11-11 02:16:11.679 INFO  [main] o.h.a.c.Version - HCANN000001: Hibernate Commons Annotations {5.1.0.Final}
2019-thg 11-11 02:16:11.820 INFO  [main] o.h.d.Dialect - HHH000400: Using dialect: org.hibernate.dialect.PostgreSQLDialect
2019-thg 11-11 02:16:12.071 WARN  [main] o.h.m.RootClass - HHH000038: Composite-id class does not override equals(): com.demo.LogicJob.Entity.UserConnection
2019-thg 11-11 02:16:12.072 WARN  [main] o.h.m.RootClass - HHH000039: Composite-id class does not override hashCode(): com.demo.LogicJob.Entity.UserConnection
2019-thg 11-11 02:16:12.961 INFO  [main] o.h.e.t.j.p.i.JtaPlatformInitiator - HHH000490: Using JtaPlatform implementation: [org.hibernate.engine.transaction.jta.platform.internal.NoJtaPlatform]
2019-thg 11-11 02:16:12.970 INFO  [main] o.s.o.j.LocalContainerEntityManagerFactoryBean - Initialized JPA EntityManagerFactory for persistence unit 'default'
2019-thg 11-11 02:16:13.482 WARN  [main] o.s.b.a.o.j.JpaBaseConfiguration$JpaWebConfiguration - spring.jpa.open-in-view is enabled by default. Therefore, database queries may be performed during view rendering. Explicitly configure spring.jpa.open-in-view to disable this warning
2019-thg 11-11 02:16:13.949 INFO  [main] o.s.s.w.DefaultSecurityFilterChain - Creating filter chain: any request, [org.springframework.security.web.context.request.async.WebAsyncManagerIntegrationFilter@60d32006, org.springframework.security.web.context.SecurityContextPersistenceFilter@36d5c2ce, org.springframework.security.web.header.HeaderWriterFilter@22dc9d46, org.springframework.security.web.authentication.logout.LogoutFilter@1896299b, org.springframework.social.security.SocialAuthenticationFilter@72c1bf75, org.springframework.security.web.authentication.UsernamePasswordAuthenticationFilter@52f118aa, org.springframework.security.web.savedrequest.RequestCacheAwareFilter@54e680fe, org.springframework.security.web.servletapi.SecurityContextHolderAwareRequestFilter@720c0996, org.springframework.security.web.authentication.AnonymousAuthenticationFilter@10820978, org.springframework.security.web.session.SessionManagementFilter@6edb2c7b, org.springframework.security.web.access.ExceptionTranslationFilter@6afced93, org.springframework.security.web.access.intercept.FilterSecurityInterceptor@18c0f025]
2019-thg 11-11 02:16:14.166 INFO  [main] o.s.s.c.ThreadPoolTaskExecutor - Initializing ExecutorService 'applicationTaskExecutor'
2019-thg 11-11 02:16:14.374 INFO  [main] o.s.s.c.ThreadPoolTaskScheduler - Initializing ExecutorService 'taskScheduler'
2019-thg 11-11 02:16:14.444 INFO  [main] o.s.b.w.e.t.TomcatWebServer - Tomcat started on port(s): 8080 (http) with context path ''
2019-thg 11-11 02:16:14.446 INFO  [main] c.d.L.LogicJobApplication - Started LogicJobApplication in 6.579 seconds (JVM running for 9.568)
2019-thg 11-11 02:30:00.136 INFO  [scheduling-1] c.d.L.S.UserMapperImpl - Convert appUser to appUserForm successfully! User: admin
2019-thg 11-11 02:30:00.372 INFO  [scheduling-1] c.d.L.S.UserMapperImpl - Convert appUser to appUserForm successfully! User: johny.hitwell@gmail.com
2019-thg 11-11 02:30:00.376 INFO  [scheduling-1] c.d.L.S.UserMapperImpl - Convert appUser to appUserForm successfully! User: johny.hitwell1@gmail.com
2019-thg 11-11 02:33:41.848 INFO  [http-nio-8080-exec-1] o.a.c.c.C.[.[.[/] - Initializing Spring DispatcherServlet 'dispatcherServlet'
2019-thg 11-11 02:33:41.849 INFO  [http-nio-8080-exec-1] o.s.w.s.DispatcherServlet - Initializing Servlet 'dispatcherServlet'
2019-thg 11-11 02:33:41.857 INFO  [http-nio-8080-exec-1] o.s.w.s.DispatcherServlet - Completed initialization in 8 ms
2019-thg 11-11 02:33:46.333 INFO  [http-nio-8080-exec-5] c.d.L.S.UserDetailsServiceImpl - User admin has been found!
2019-thg 11-11 02:33:53.786 WARN  [http-nio-8080-exec-8] o.h.e.j.s.SqlExceptionHelper - SQL Error: 0, SQLState: 23502
2019-thg 11-11 02:33:53.786 ERROR [http-nio-8080-exec-8] o.h.e.j.s.SqlExceptionHelper - ERROR: null value in column "job_status" violates not-null constraint
  Detail: Failing row contains (13, null, newJob13, null, 0, 2, null, null, f).
2019-thg 11-11 02:37:30.735 WARN  [HikariPool-1 housekeeper] c.z.h.p.HikariPool - HikariPool-1 - Thread starvation or clock leap detected (housekeeper delta=2m15s404ms155µs800ns).
2019-thg 11-11 02:39:17.618 WARN  [HikariPool-1 housekeeper] c.z.h.p.HikariPool - HikariPool-1 - Thread starvation or clock leap detected (housekeeper delta=1m46s884ms6µs800ns).
2019-thg 11-11 02:39:17.620 WARN  [http-nio-8080-exec-1] o.h.e.j.s.SqlExceptionHelper - SQL Error: 0, SQLState: 23502
2019-thg 11-11 02:39:17.621 ERROR [http-nio-8080-exec-1] o.h.e.j.s.SqlExceptionHelper - ERROR: null value in column "job_status" violates not-null constraint
  Detail: Failing row contains (14, null, newJob13, null, 0, 2, null, null, f).
2019-thg 11-11 02:40:47.448 INFO  [SpringContextShutdownHook] o.s.s.c.ThreadPoolTaskScheduler - Shutting down ExecutorService 'taskScheduler'
2019-thg 11-11 02:40:47.449 INFO  [SpringContextShutdownHook] o.s.s.c.ThreadPoolTaskExecutor - Shutting down ExecutorService 'applicationTaskExecutor'
2019-thg 11-11 02:40:47.451 INFO  [SpringContextShutdownHook] o.s.o.j.LocalContainerEntityManagerFactoryBean - Closing JPA EntityManagerFactory for persistence unit 'default'
2019-thg 11-11 02:40:47.453 INFO  [SpringContextShutdownHook] c.z.h.HikariDataSource - HikariPool-1 - Shutdown initiated...
2019-thg 11-11 02:40:47.459 INFO  [SpringContextShutdownHook] c.z.h.HikariDataSource - HikariPool-1 - Shutdown completed.
2019-thg 11-11 02:40:54.057 INFO  [main] c.d.L.LogicJobApplication - Starting LogicJobApplication on DESKTOP-S9FK9UB with PID 14088 (started by johny in C:\Users\johny\OneDrive\Máy tính\Github\logicJob)
2019-thg 11-11 02:40:54.061 INFO  [main] c.d.L.LogicJobApplication - No active profile set, falling back to default profiles: default
2019-thg 11-11 02:40:54.976 INFO  [main] o.s.d.r.c.RepositoryConfigurationDelegate - Bootstrapping Spring Data repositories in DEFAULT mode.
2019-thg 11-11 02:40:55.086 INFO  [main] o.s.d.r.c.RepositoryConfigurationDelegate - Finished Spring Data repository scanning in 101ms. Found 5 repository interfaces.
2019-thg 11-11 02:40:55.438 INFO  [main] o.s.c.s.PostProcessorRegistrationDelegate$BeanPostProcessorChecker - Bean 'org.springframework.transaction.annotation.ProxyTransactionManagementConfiguration' of type [org.springframework.transaction.annotation.ProxyTransactionManagementConfiguration] is not eligible for getting processed by all BeanPostProcessors (for example: not eligible for auto-proxying)
2019-thg 11-11 02:40:55.696 INFO  [main] o.s.b.w.e.t.TomcatWebServer - Tomcat initialized with port(s): 8080 (http)
2019-thg 11-11 02:40:55.704 INFO  [main] o.a.c.c.StandardService - Starting service [Tomcat]
2019-thg 11-11 02:40:55.705 INFO  [main] o.a.c.c.StandardEngine - Starting Servlet engine: [Apache Tomcat/9.0.27]
2019-thg 11-11 02:40:55.824 INFO  [main] o.a.c.c.C.[.[.[/] - Initializing Spring embedded WebApplicationContext
2019-thg 11-11 02:40:55.824 INFO  [main] o.s.w.c.ContextLoader - Root WebApplicationContext: initialization completed in 1681 ms
2019-thg 11-11 02:40:55.948 INFO  [main] o.f.c.i.l.VersionPrinter - Flyway Community Edition 6.0.6 by Redgate
2019-thg 11-11 02:40:55.956 INFO  [main] c.z.h.HikariDataSource - HikariPool-1 - Starting...
2019-thg 11-11 02:40:56.059 INFO  [main] c.z.h.HikariDataSource - HikariPool-1 - Start completed.
2019-thg 11-11 02:40:56.075 INFO  [main] o.f.c.i.d.DatabaseFactory - Database: jdbc:postgresql://127.0.0.1:5432/demoLogicJob (PostgreSQL 11.5)
2019-thg 11-11 02:40:56.109 INFO  [main] o.f.c.i.c.DbValidate - Successfully validated 1 migration (execution time 00:00.019s)
2019-thg 11-11 02:40:56.116 INFO  [main] o.f.c.i.c.DbMigrate - Current version of schema "public": 1
2019-thg 11-11 02:40:56.118 INFO  [main] o.f.c.i.c.DbMigrate - Schema "public" is up to date. No migration necessary.
2019-thg 11-11 02:40:56.265 INFO  [main] o.h.j.i.u.LogHelper - HHH000204: Processing PersistenceUnitInfo [name: default]
2019-thg 11-11 02:40:56.331 INFO  [main] o.h.Version - HHH000412: Hibernate Core {5.4.6.Final}
2019-thg 11-11 02:40:56.477 INFO  [main] o.h.a.c.Version - HCANN000001: Hibernate Commons Annotations {5.1.0.Final}
2019-thg 11-11 02:40:56.588 INFO  [main] o.h.d.Dialect - HHH000400: Using dialect: org.hibernate.dialect.PostgreSQLDialect
2019-thg 11-11 02:40:56.809 WARN  [main] o.h.m.RootClass - HHH000038: Composite-id class does not override equals(): com.demo.LogicJob.Entity.UserConnection
2019-thg 11-11 02:40:56.809 WARN  [main] o.h.m.RootClass - HHH000039: Composite-id class does not override hashCode(): com.demo.LogicJob.Entity.UserConnection
2019-thg 11-11 02:40:57.598 INFO  [main] o.h.e.t.j.p.i.JtaPlatformInitiator - HHH000490: Using JtaPlatform implementation: [org.hibernate.engine.transaction.jta.platform.internal.NoJtaPlatform]
2019-thg 11-11 02:40:57.609 INFO  [main] o.s.o.j.LocalContainerEntityManagerFactoryBean - Initialized JPA EntityManagerFactory for persistence unit 'default'
2019-thg 11-11 02:40:58.079 WARN  [main] o.s.b.a.o.j.JpaBaseConfiguration$JpaWebConfiguration - spring.jpa.open-in-view is enabled by default. Therefore, database queries may be performed during view rendering. Explicitly configure spring.jpa.open-in-view to disable this warning
2019-thg 11-11 02:40:58.466 INFO  [main] o.s.s.w.DefaultSecurityFilterChain - Creating filter chain: any request, [org.springframework.security.web.context.request.async.WebAsyncManagerIntegrationFilter@197180a5, org.springframework.security.web.context.SecurityContextPersistenceFilter@6033f36c, org.springframework.security.web.header.HeaderWriterFilter@4d90d91f, org.springframework.security.web.authentication.logout.LogoutFilter@478c84aa, org.springframework.social.security.SocialAuthenticationFilter@61503d00, org.springframework.security.web.authentication.UsernamePasswordAuthenticationFilter@f0381f0, org.springframework.security.web.savedrequest.RequestCacheAwareFilter@1764e45e, org.springframework.security.web.servletapi.SecurityContextHolderAwareRequestFilter@71de1091, org.springframework.security.web.authentication.AnonymousAuthenticationFilter@31028e45, org.springframework.security.web.session.SessionManagementFilter@1e2b37cd, org.springframework.security.web.access.ExceptionTranslationFilter@770cbe5d, org.springframework.security.web.access.intercept.FilterSecurityInterceptor@60c8909a]
2019-thg 11-11 02:40:58.654 INFO  [main] o.s.s.c.ThreadPoolTaskExecutor - Initializing ExecutorService 'applicationTaskExecutor'
2019-thg 11-11 02:40:58.831 INFO  [main] o.s.s.c.ThreadPoolTaskScheduler - Initializing ExecutorService 'taskScheduler'
2019-thg 11-11 02:40:58.892 INFO  [main] o.s.b.w.e.t.TomcatWebServer - Tomcat started on port(s): 8080 (http) with context path ''
2019-thg 11-11 02:40:58.895 INFO  [main] c.d.L.LogicJobApplication - Started LogicJobApplication in 5.505 seconds (JVM running for 6.784)
2019-thg 11-11 02:41:11.370 INFO  [http-nio-8080-exec-1] o.a.c.c.C.[.[.[/] - Initializing Spring DispatcherServlet 'dispatcherServlet'
2019-thg 11-11 02:41:11.371 INFO  [http-nio-8080-exec-1] o.s.w.s.DispatcherServlet - Initializing Servlet 'dispatcherServlet'
2019-thg 11-11 02:41:11.379 INFO  [http-nio-8080-exec-1] o.s.w.s.DispatcherServlet - Completed initialization in 8 ms
2019-thg 11-11 02:41:14.804 INFO  [http-nio-8080-exec-3] c.d.L.S.UserDetailsServiceImpl - User admin has been found!
2019-thg 11-11 02:54:31.799 INFO  [SpringContextShutdownHook] o.s.s.c.ThreadPoolTaskScheduler - Shutting down ExecutorService 'taskScheduler'
2019-thg 11-11 02:54:31.801 INFO  [SpringContextShutdownHook] o.s.s.c.ThreadPoolTaskExecutor - Shutting down ExecutorService 'applicationTaskExecutor'
2019-thg 11-11 02:54:31.803 INFO  [SpringContextShutdownHook] o.s.o.j.LocalContainerEntityManagerFactoryBean - Closing JPA EntityManagerFactory for persistence unit 'default'
2019-thg 11-11 02:54:31.806 INFO  [SpringContextShutdownHook] c.z.h.HikariDataSource - HikariPool-1 - Shutdown initiated...
2019-thg 11-11 02:54:31.812 INFO  [SpringContextShutdownHook] c.z.h.HikariDataSource - HikariPool-1 - Shutdown completed.
2019-thg 11-11 02:54:40.393 INFO  [main] c.d.L.LogicJobApplication - Starting LogicJobApplication on DESKTOP-S9FK9UB with PID 9732 (started by johny in C:\Users\johny\OneDrive\Máy tính\Github\logicJob)
2019-thg 11-11 02:54:40.400 INFO  [main] c.d.L.LogicJobApplication - No active profile set, falling back to default profiles: default
2019-thg 11-11 02:54:41.415 INFO  [main] o.s.d.r.c.RepositoryConfigurationDelegate - Bootstrapping Spring Data repositories in DEFAULT mode.
2019-thg 11-11 02:54:41.527 INFO  [main] o.s.d.r.c.RepositoryConfigurationDelegate - Finished Spring Data repository scanning in 104ms. Found 5 repository interfaces.
2019-thg 11-11 02:54:41.865 INFO  [main] o.s.c.s.PostProcessorRegistrationDelegate$BeanPostProcessorChecker - Bean 'org.springframework.transaction.annotation.ProxyTransactionManagementConfiguration' of type [org.springframework.transaction.annotation.ProxyTransactionManagementConfiguration] is not eligible for getting processed by all BeanPostProcessors (for example: not eligible for auto-proxying)
2019-thg 11-11 02:54:42.170 INFO  [main] o.s.b.w.e.t.TomcatWebServer - Tomcat initialized with port(s): 8080 (http)
2019-thg 11-11 02:54:42.180 INFO  [main] o.a.c.c.StandardService - Starting service [Tomcat]
2019-thg 11-11 02:54:42.181 INFO  [main] o.a.c.c.StandardEngine - Starting Servlet engine: [Apache Tomcat/9.0.27]
2019-thg 11-11 02:54:42.322 INFO  [main] o.a.c.c.C.[.[.[/] - Initializing Spring embedded WebApplicationContext
2019-thg 11-11 02:54:42.322 INFO  [main] o.s.w.c.ContextLoader - Root WebApplicationContext: initialization completed in 1827 ms
2019-thg 11-11 02:54:42.459 INFO  [main] o.f.c.i.l.VersionPrinter - Flyway Community Edition 6.0.6 by Redgate
2019-thg 11-11 02:54:42.467 INFO  [main] c.z.h.HikariDataSource - HikariPool-1 - Starting...
2019-thg 11-11 02:54:42.601 INFO  [main] c.z.h.HikariDataSource - HikariPool-1 - Start completed.
2019-thg 11-11 02:54:42.617 INFO  [main] o.f.c.i.d.DatabaseFactory - Database: jdbc:postgresql://127.0.0.1:5432/demoLogicJob (PostgreSQL 11.5)
2019-thg 11-11 02:54:42.662 INFO  [main] o.f.c.i.c.DbValidate - Successfully validated 1 migration (execution time 00:00.022s)
2019-thg 11-11 02:54:42.669 INFO  [main] o.f.c.i.c.DbMigrate - Current version of schema "public": 1
2019-thg 11-11 02:54:42.671 INFO  [main] o.f.c.i.c.DbMigrate - Schema "public" is up to date. No migration necessary.
2019-thg 11-11 02:54:42.828 INFO  [main] o.h.j.i.u.LogHelper - HHH000204: Processing PersistenceUnitInfo [name: default]
2019-thg 11-11 02:54:42.907 INFO  [main] o.h.Version - HHH000412: Hibernate Core {5.4.6.Final}
2019-thg 11-11 02:54:43.095 INFO  [main] o.h.a.c.Version - HCANN000001: Hibernate Commons Annotations {5.1.0.Final}
2019-thg 11-11 02:54:43.205 INFO  [main] o.h.d.Dialect - HHH000400: Using dialect: org.hibernate.dialect.PostgreSQLDialect
2019-thg 11-11 02:54:43.443 WARN  [main] o.h.m.RootClass - HHH000038: Composite-id class does not override equals(): com.demo.LogicJob.Entity.UserConnection
2019-thg 11-11 02:54:43.444 WARN  [main] o.h.m.RootClass - HHH000039: Composite-id class does not override hashCode(): com.demo.LogicJob.Entity.UserConnection
2019-thg 11-11 02:54:44.218 INFO  [main] o.h.e.t.j.p.i.JtaPlatformInitiator - HHH000490: Using JtaPlatform implementation: [org.hibernate.engine.transaction.jta.platform.internal.NoJtaPlatform]
2019-thg 11-11 02:54:44.227 INFO  [main] o.s.o.j.LocalContainerEntityManagerFactoryBean - Initialized JPA EntityManagerFactory for persistence unit 'default'
2019-thg 11-11 02:54:44.697 WARN  [main] o.s.b.a.o.j.JpaBaseConfiguration$JpaWebConfiguration - spring.jpa.open-in-view is enabled by default. Therefore, database queries may be performed during view rendering. Explicitly configure spring.jpa.open-in-view to disable this warning
2019-thg 11-11 02:54:45.099 INFO  [main] o.s.s.w.DefaultSecurityFilterChain - Creating filter chain: any request, [org.springframework.security.web.context.request.async.WebAsyncManagerIntegrationFilter@25b8f9d2, org.springframework.security.web.context.SecurityContextPersistenceFilter@7771c4e, org.springframework.security.web.header.HeaderWriterFilter@232b3b4c, org.springframework.security.web.authentication.logout.LogoutFilter@684f7f1c, org.springframework.social.security.SocialAuthenticationFilter@34d3bfca, org.springframework.security.web.authentication.UsernamePasswordAuthenticationFilter@cc7909f, org.springframework.security.web.savedrequest.RequestCacheAwareFilter@63062eea, org.springframework.security.web.servletapi.SecurityContextHolderAwareRequestFilter@4511146f, org.springframework.security.web.authentication.AnonymousAuthenticationFilter@2979c6ef, org.springframework.security.web.session.SessionManagementFilter@39296cef, org.springframework.security.web.access.ExceptionTranslationFilter@4fea095b, org.springframework.security.web.access.intercept.FilterSecurityInterceptor@6e1d9b32]
2019-thg 11-11 02:54:45.291 INFO  [main] o.s.s.c.ThreadPoolTaskExecutor - Initializing ExecutorService 'applicationTaskExecutor'
2019-thg 11-11 02:54:45.474 INFO  [main] o.s.s.c.ThreadPoolTaskScheduler - Initializing ExecutorService 'taskScheduler'
2019-thg 11-11 02:54:45.537 INFO  [main] o.s.b.w.e.t.TomcatWebServer - Tomcat started on port(s): 8080 (http) with context path ''
2019-thg 11-11 02:54:45.539 INFO  [main] c.d.L.LogicJobApplication - Started LogicJobApplication in 5.72 seconds (JVM running for 7.502)
2019-thg 11-11 02:55:19.765 INFO  [http-nio-8080-exec-1] o.a.c.c.C.[.[.[/] - Initializing Spring DispatcherServlet 'dispatcherServlet'
2019-thg 11-11 02:55:19.765 INFO  [http-nio-8080-exec-1] o.s.w.s.DispatcherServlet - Initializing Servlet 'dispatcherServlet'
2019-thg 11-11 02:55:19.776 INFO  [http-nio-8080-exec-1] o.s.w.s.DispatcherServlet - Completed initialization in 11 ms
2019-thg 11-11 02:55:22.464 INFO  [http-nio-8080-exec-3] c.d.L.S.UserDetailsServiceImpl - User admin has been found!
2019-thg 11-11 02:55:25.135 INFO  [http-nio-8080-exec-5] c.d.L.S.UserDetailsServiceImpl - User admin has been found!
2019-thg 11-11 03:01:43.331 WARN  [HikariPool-1 housekeeper] c.z.h.p.HikariPool - HikariPool-1 - Thread starvation or clock leap detected (housekeeper delta=1m610ms451µs400ns).
2019-thg 11-11 03:01:43.391 INFO  [SpringContextShutdownHook] o.s.s.c.ThreadPoolTaskScheduler - Shutting down ExecutorService 'taskScheduler'
2019-thg 11-11 03:01:43.392 INFO  [SpringContextShutdownHook] o.s.s.c.ThreadPoolTaskExecutor - Shutting down ExecutorService 'applicationTaskExecutor'
2019-thg 11-11 03:01:43.394 INFO  [SpringContextShutdownHook] o.s.o.j.LocalContainerEntityManagerFactoryBean - Closing JPA EntityManagerFactory for persistence unit 'default'
2019-thg 11-11 03:01:43.396 INFO  [SpringContextShutdownHook] c.z.h.HikariDataSource - HikariPool-1 - Shutdown initiated...
2019-thg 11-11 03:01:43.403 INFO  [SpringContextShutdownHook] c.z.h.HikariDataSource - HikariPool-1 - Shutdown completed.
2019-thg 11-11 03:01:50.045 INFO  [main] c.d.L.LogicJobApplication - Starting LogicJobApplication on DESKTOP-S9FK9UB with PID 11624 (started by johny in C:\Users\johny\OneDrive\Máy tính\Github\logicJob)
2019-thg 11-11 03:01:50.049 INFO  [main] c.d.L.LogicJobApplication - No active profile set, falling back to default profiles: default
2019-thg 11-11 03:01:50.885 INFO  [main] o.s.d.r.c.RepositoryConfigurationDelegate - Bootstrapping Spring Data repositories in DEFAULT mode.
2019-thg 11-11 03:01:50.998 INFO  [main] o.s.d.r.c.RepositoryConfigurationDelegate - Finished Spring Data repository scanning in 104ms. Found 5 repository interfaces.
2019-thg 11-11 03:01:51.329 INFO  [main] o.s.c.s.PostProcessorRegistrationDelegate$BeanPostProcessorChecker - Bean 'org.springframework.transaction.annotation.ProxyTransactionManagementConfiguration' of type [org.springframework.transaction.annotation.ProxyTransactionManagementConfiguration] is not eligible for getting processed by all BeanPostProcessors (for example: not eligible for auto-proxying)
2019-thg 11-11 03:01:51.575 INFO  [main] o.s.b.w.e.t.TomcatWebServer - Tomcat initialized with port(s): 8080 (http)
2019-thg 11-11 03:01:51.583 INFO  [main] o.a.c.c.StandardService - Starting service [Tomcat]
2019-thg 11-11 03:01:51.584 INFO  [main] o.a.c.c.StandardEngine - Starting Servlet engine: [Apache Tomcat/9.0.27]
2019-thg 11-11 03:01:51.710 INFO  [main] o.a.c.c.C.[.[.[/] - Initializing Spring embedded WebApplicationContext
2019-thg 11-11 03:01:51.710 INFO  [main] o.s.w.c.ContextLoader - Root WebApplicationContext: initialization completed in 1584 ms
2019-thg 11-11 03:01:51.861 INFO  [main] o.f.c.i.l.VersionPrinter - Flyway Community Edition 6.0.6 by Redgate
2019-thg 11-11 03:01:51.869 INFO  [main] c.z.h.HikariDataSource - HikariPool-1 - Starting...
2019-thg 11-11 03:01:51.974 INFO  [main] c.z.h.HikariDataSource - HikariPool-1 - Start completed.
2019-thg 11-11 03:01:51.990 INFO  [main] o.f.c.i.d.DatabaseFactory - Database: jdbc:postgresql://127.0.0.1:5432/demoLogicJob (PostgreSQL 11.5)
2019-thg 11-11 03:01:52.024 INFO  [main] o.f.c.i.c.DbValidate - Successfully validated 1 migration (execution time 00:00.019s)
2019-thg 11-11 03:01:52.031 INFO  [main] o.f.c.i.c.DbMigrate - Current version of schema "public": 1
2019-thg 11-11 03:01:52.032 INFO  [main] o.f.c.i.c.DbMigrate - Schema "public" is up to date. No migration necessary.
2019-thg 11-11 03:01:52.179 INFO  [main] o.h.j.i.u.LogHelper - HHH000204: Processing PersistenceUnitInfo [name: default]
2019-thg 11-11 03:01:52.254 INFO  [main] o.h.Version - HHH000412: Hibernate Core {5.4.6.Final}
2019-thg 11-11 03:01:52.409 INFO  [main] o.h.a.c.Version - HCANN000001: Hibernate Commons Annotations {5.1.0.Final}
2019-thg 11-11 03:01:52.516 INFO  [main] o.h.d.Dialect - HHH000400: Using dialect: org.hibernate.dialect.PostgreSQLDialect
2019-thg 11-11 03:01:52.725 WARN  [main] o.h.m.RootClass - HHH000038: Composite-id class does not override equals(): com.demo.LogicJob.Entity.UserConnection
2019-thg 11-11 03:01:52.725 WARN  [main] o.h.m.RootClass - HHH000039: Composite-id class does not override hashCode(): com.demo.LogicJob.Entity.UserConnection
2019-thg 11-11 03:01:53.482 INFO  [main] o.h.e.t.j.p.i.JtaPlatformInitiator - HHH000490: Using JtaPlatform implementation: [org.hibernate.engine.transaction.jta.platform.internal.NoJtaPlatform]
2019-thg 11-11 03:01:53.490 INFO  [main] o.s.o.j.LocalContainerEntityManagerFactoryBean - Initialized JPA EntityManagerFactory for persistence unit 'default'
2019-thg 11-11 03:01:53.933 WARN  [main] o.s.b.a.o.j.JpaBaseConfiguration$JpaWebConfiguration - spring.jpa.open-in-view is enabled by default. Therefore, database queries may be performed during view rendering. Explicitly configure spring.jpa.open-in-view to disable this warning
2019-thg 11-11 03:01:54.313 INFO  [main] o.s.s.w.DefaultSecurityFilterChain - Creating filter chain: any request, [org.springframework.security.web.context.request.async.WebAsyncManagerIntegrationFilter@7bd7d71c, org.springframework.security.web.context.SecurityContextPersistenceFilter@66a99584, org.springframework.security.web.header.HeaderWriterFilter@5870fc05, org.springframework.security.web.authentication.logout.LogoutFilter@4850d66b, org.springframework.social.security.SocialAuthenticationFilter@565c887e, org.springframework.security.web.authentication.UsernamePasswordAuthenticationFilter@2f2f92f, org.springframework.security.web.savedrequest.RequestCacheAwareFilter@12765ebd, org.springframework.security.web.servletapi.SecurityContextHolderAwareRequestFilter@a6a2c20, org.springframework.security.web.authentication.AnonymousAuthenticationFilter@52963839, org.springframework.security.web.session.SessionManagementFilter@21d15932, org.springframework.security.web.access.ExceptionTranslationFilter@25b83dce, org.springframework.security.web.access.intercept.FilterSecurityInterceptor@630c3af3]
2019-thg 11-11 03:01:54.505 INFO  [main] o.s.s.c.ThreadPoolTaskExecutor - Initializing ExecutorService 'applicationTaskExecutor'
2019-thg 11-11 03:01:54.684 INFO  [main] o.s.s.c.ThreadPoolTaskScheduler - Initializing ExecutorService 'taskScheduler'
2019-thg 11-11 03:01:54.746 INFO  [main] o.s.b.w.e.t.TomcatWebServer - Tomcat started on port(s): 8080 (http) with context path ''
2019-thg 11-11 03:01:54.748 INFO  [main] c.d.L.LogicJobApplication - Started LogicJobApplication in 5.357 seconds (JVM running for 6.639)
2019-thg 11-11 03:02:16.141 INFO  [http-nio-8080-exec-1] o.a.c.c.C.[.[.[/] - Initializing Spring DispatcherServlet 'dispatcherServlet'
2019-thg 11-11 03:02:16.142 INFO  [http-nio-8080-exec-1] o.s.w.s.DispatcherServlet - Initializing Servlet 'dispatcherServlet'
2019-thg 11-11 03:02:16.153 INFO  [http-nio-8080-exec-1] o.s.w.s.DispatcherServlet - Completed initialization in 11 ms
2019-thg 11-11 03:02:19.817 INFO  [http-nio-8080-exec-3] c.d.L.S.UserDetailsServiceImpl - User admin has been found!
2019-thg 11-11 03:08:17.600 WARN  [HikariPool-1 housekeeper] c.z.h.p.HikariPool - HikariPool-1 - Thread starvation or clock leap detected (housekeeper delta=4m53s524ms474µs600ns).
2019-thg 11-11 03:08:17.664 INFO  [SpringContextShutdownHook] o.s.s.c.ThreadPoolTaskScheduler - Shutting down ExecutorService 'taskScheduler'
2019-thg 11-11 03:08:17.666 INFO  [SpringContextShutdownHook] o.s.s.c.ThreadPoolTaskExecutor - Shutting down ExecutorService 'applicationTaskExecutor'
2019-thg 11-11 03:08:17.673 INFO  [SpringContextShutdownHook] o.s.o.j.LocalContainerEntityManagerFactoryBean - Closing JPA EntityManagerFactory for persistence unit 'default'
2019-thg 11-11 03:08:17.676 INFO  [SpringContextShutdownHook] c.z.h.HikariDataSource - HikariPool-1 - Shutdown initiated...
2019-thg 11-11 03:08:17.681 INFO  [SpringContextShutdownHook] c.z.h.HikariDataSource - HikariPool-1 - Shutdown completed.
2019-thg 11-11 03:08:25.366 INFO  [main] c.d.L.LogicJobApplication - Starting LogicJobApplication on DESKTOP-S9FK9UB with PID 11368 (started by johny in C:\Users\johny\OneDrive\Máy tính\Github\logicJob)
2019-thg 11-11 03:08:25.376 INFO  [main] c.d.L.LogicJobApplication - No active profile set, falling back to default profiles: default
2019-thg 11-11 03:08:26.460 INFO  [main] o.s.d.r.c.RepositoryConfigurationDelegate - Bootstrapping Spring Data repositories in DEFAULT mode.
2019-thg 11-11 03:08:26.574 INFO  [main] o.s.d.r.c.RepositoryConfigurationDelegate - Finished Spring Data repository scanning in 105ms. Found 5 repository interfaces.
2019-thg 11-11 03:08:27.015 INFO  [main] o.s.c.s.PostProcessorRegistrationDelegate$BeanPostProcessorChecker - Bean 'org.springframework.transaction.annotation.ProxyTransactionManagementConfiguration' of type [org.springframework.transaction.annotation.ProxyTransactionManagementConfiguration] is not eligible for getting processed by all BeanPostProcessors (for example: not eligible for auto-proxying)
2019-thg 11-11 03:08:27.294 INFO  [main] o.s.b.w.e.t.TomcatWebServer - Tomcat initialized with port(s): 8080 (http)
2019-thg 11-11 03:08:27.303 INFO  [main] o.a.c.c.StandardService - Starting service [Tomcat]
2019-thg 11-11 03:08:27.303 INFO  [main] o.a.c.c.StandardEngine - Starting Servlet engine: [Apache Tomcat/9.0.27]
2019-thg 11-11 03:08:27.430 INFO  [main] o.a.c.c.C.[.[.[/] - Initializing Spring embedded WebApplicationContext
2019-thg 11-11 03:08:27.430 INFO  [main] o.s.w.c.ContextLoader - Root WebApplicationContext: initialization completed in 1931 ms
2019-thg 11-11 03:08:27.564 INFO  [main] o.f.c.i.l.VersionPrinter - Flyway Community Edition 6.0.6 by Redgate
2019-thg 11-11 03:08:27.573 INFO  [main] c.z.h.HikariDataSource - HikariPool-1 - Starting...
2019-thg 11-11 03:08:27.682 INFO  [main] c.z.h.HikariDataSource - HikariPool-1 - Start completed.
2019-thg 11-11 03:08:27.698 INFO  [main] o.f.c.i.d.DatabaseFactory - Database: jdbc:postgresql://127.0.0.1:5432/demoLogicJob (PostgreSQL 11.5)
2019-thg 11-11 03:08:27.737 INFO  [main] o.f.c.i.c.DbValidate - Successfully validated 1 migration (execution time 00:00.023s)
2019-thg 11-11 03:08:27.744 INFO  [main] o.f.c.i.c.DbMigrate - Current version of schema "public": 1
2019-thg 11-11 03:08:27.745 INFO  [main] o.f.c.i.c.DbMigrate - Schema "public" is up to date. No migration necessary.
2019-thg 11-11 03:08:27.901 INFO  [main] o.h.j.i.u.LogHelper - HHH000204: Processing PersistenceUnitInfo [name: default]
2019-thg 11-11 03:08:27.980 INFO  [main] o.h.Version - HHH000412: Hibernate Core {5.4.6.Final}
2019-thg 11-11 03:08:28.123 INFO  [main] o.h.a.c.Version - HCANN000001: Hibernate Commons Annotations {5.1.0.Final}
2019-thg 11-11 03:08:28.233 INFO  [main] o.h.d.Dialect - HHH000400: Using dialect: org.hibernate.dialect.PostgreSQLDialect
2019-thg 11-11 03:08:28.475 WARN  [main] o.h.m.RootClass - HHH000038: Composite-id class does not override equals(): com.demo.LogicJob.Entity.UserConnection
2019-thg 11-11 03:08:28.476 WARN  [main] o.h.m.RootClass - HHH000039: Composite-id class does not override hashCode(): com.demo.LogicJob.Entity.UserConnection
2019-thg 11-11 03:08:29.240 INFO  [main] o.h.e.t.j.p.i.JtaPlatformInitiator - HHH000490: Using JtaPlatform implementation: [org.hibernate.engine.transaction.jta.platform.internal.NoJtaPlatform]
2019-thg 11-11 03:08:29.249 INFO  [main] o.s.o.j.LocalContainerEntityManagerFactoryBean - Initialized JPA EntityManagerFactory for persistence unit 'default'
2019-thg 11-11 03:08:29.700 WARN  [main] o.s.b.a.o.j.JpaBaseConfiguration$JpaWebConfiguration - spring.jpa.open-in-view is enabled by default. Therefore, database queries may be performed during view rendering. Explicitly configure spring.jpa.open-in-view to disable this warning
2019-thg 11-11 03:08:30.085 INFO  [main] o.s.s.w.DefaultSecurityFilterChain - Creating filter chain: any request, [org.springframework.security.web.context.request.async.WebAsyncManagerIntegrationFilter@76b019c4, org.springframework.security.web.context.SecurityContextPersistenceFilter@5b1f0f26, org.springframework.security.web.header.HeaderWriterFilter@11d422fd, org.springframework.security.web.authentication.logout.LogoutFilter@2c92f094, org.springframework.social.security.SocialAuthenticationFilter@50008974, org.springframework.security.web.authentication.UsernamePasswordAuthenticationFilter@36931450, org.springframework.security.web.savedrequest.RequestCacheAwareFilter@6cbb6c41, org.springframework.security.web.servletapi.SecurityContextHolderAwareRequestFilter@3d3b852e, org.springframework.security.web.authentication.AnonymousAuthenticationFilter@221961af, org.springframework.security.web.session.SessionManagementFilter@1331d6fd, org.springframework.security.web.access.ExceptionTranslationFilter@69a294d8, org.springframework.security.web.access.intercept.FilterSecurityInterceptor@dbcf7c3]
2019-thg 11-11 03:08:30.265 INFO  [main] o.s.s.c.ThreadPoolTaskExecutor - Initializing ExecutorService 'applicationTaskExecutor'
2019-thg 11-11 03:08:30.435 INFO  [main] o.s.s.c.ThreadPoolTaskScheduler - Initializing ExecutorService 'taskScheduler'
2019-thg 11-11 03:08:30.496 INFO  [main] o.s.b.w.e.t.TomcatWebServer - Tomcat started on port(s): 8080 (http) with context path ''
2019-thg 11-11 03:08:30.499 INFO  [main] c.d.L.LogicJobApplication - Started LogicJobApplication in 5.985 seconds (JVM running for 7.785)
2019-thg 11-11 03:08:37.186 INFO  [http-nio-8080-exec-1] o.a.c.c.C.[.[.[/] - Initializing Spring DispatcherServlet 'dispatcherServlet'
2019-thg 11-11 03:08:37.186 INFO  [http-nio-8080-exec-1] o.s.w.s.DispatcherServlet - Initializing Servlet 'dispatcherServlet'
2019-thg 11-11 03:08:37.193 INFO  [http-nio-8080-exec-1] o.s.w.s.DispatcherServlet - Completed initialization in 7 ms
2019-thg 11-11 03:08:40.495 INFO  [http-nio-8080-exec-3] c.d.L.S.UserDetailsServiceImpl - User admin has been found!
2019-thg 11-11 03:09:02.342 INFO  [SpringContextShutdownHook] o.s.s.c.ThreadPoolTaskScheduler - Shutting down ExecutorService 'taskScheduler'
2019-thg 11-11 03:09:02.343 INFO  [SpringContextShutdownHook] o.s.s.c.ThreadPoolTaskExecutor - Shutting down ExecutorService 'applicationTaskExecutor'
2019-thg 11-11 03:09:02.345 INFO  [SpringContextShutdownHook] o.s.o.j.LocalContainerEntityManagerFactoryBean - Closing JPA EntityManagerFactory for persistence unit 'default'
2019-thg 11-11 03:09:02.347 INFO  [SpringContextShutdownHook] c.z.h.HikariDataSource - HikariPool-1 - Shutdown initiated...
2019-thg 11-11 03:09:02.354 INFO  [SpringContextShutdownHook] c.z.h.HikariDataSource - HikariPool-1 - Shutdown completed.
2019-thg 11-11 03:09:06.257 INFO  [main] c.d.L.LogicJobApplication - Starting LogicJobApplication on DESKTOP-S9FK9UB with PID 8784 (started by johny in C:\Users\johny\OneDrive\Máy tính\Github\logicJob)
2019-thg 11-11 03:09:06.260 INFO  [main] c.d.L.LogicJobApplication - No active profile set, falling back to default profiles: default
2019-thg 11-11 03:09:07.102 INFO  [main] o.s.d.r.c.RepositoryConfigurationDelegate - Bootstrapping Spring Data repositories in DEFAULT mode.
2019-thg 11-11 03:09:07.213 INFO  [main] o.s.d.r.c.RepositoryConfigurationDelegate - Finished Spring Data repository scanning in 103ms. Found 5 repository interfaces.
2019-thg 11-11 03:09:07.559 INFO  [main] o.s.c.s.PostProcessorRegistrationDelegate$BeanPostProcessorChecker - Bean 'org.springframework.transaction.annotation.ProxyTransactionManagementConfiguration' of type [org.springframework.transaction.annotation.ProxyTransactionManagementConfiguration] is not eligible for getting processed by all BeanPostProcessors (for example: not eligible for auto-proxying)
2019-thg 11-11 03:09:07.804 INFO  [main] o.s.b.w.e.t.TomcatWebServer - Tomcat initialized with port(s): 8080 (http)
2019-thg 11-11 03:09:07.812 INFO  [main] o.a.c.c.StandardService - Starting service [Tomcat]
2019-thg 11-11 03:09:07.812 INFO  [main] o.a.c.c.StandardEngine - Starting Servlet engine: [Apache Tomcat/9.0.27]
2019-thg 11-11 03:09:07.933 INFO  [main] o.a.c.c.C.[.[.[/] - Initializing Spring embedded WebApplicationContext
2019-thg 11-11 03:09:07.934 INFO  [main] o.s.w.c.ContextLoader - Root WebApplicationContext: initialization completed in 1612 ms
2019-thg 11-11 03:09:08.061 INFO  [main] o.f.c.i.l.VersionPrinter - Flyway Community Edition 6.0.6 by Redgate
2019-thg 11-11 03:09:08.068 INFO  [main] c.z.h.HikariDataSource - HikariPool-1 - Starting...
2019-thg 11-11 03:09:08.189 INFO  [main] c.z.h.HikariDataSource - HikariPool-1 - Start completed.
2019-thg 11-11 03:09:08.206 INFO  [main] o.f.c.i.d.DatabaseFactory - Database: jdbc:postgresql://127.0.0.1:5432/demoLogicJob (PostgreSQL 11.5)
2019-thg 11-11 03:09:08.241 INFO  [main] o.f.c.i.c.DbValidate - Successfully validated 1 migration (execution time 00:00.019s)
2019-thg 11-11 03:09:08.248 INFO  [main] o.f.c.i.c.DbMigrate - Current version of schema "public": 1
2019-thg 11-11 03:09:08.249 INFO  [main] o.f.c.i.c.DbMigrate - Schema "public" is up to date. No migration necessary.
2019-thg 11-11 03:09:08.397 INFO  [main] o.h.j.i.u.LogHelper - HHH000204: Processing PersistenceUnitInfo [name: default]
2019-thg 11-11 03:09:08.480 INFO  [main] o.h.Version - HHH000412: Hibernate Core {5.4.6.Final}
2019-thg 11-11 03:09:08.632 INFO  [main] o.h.a.c.Version - HCANN000001: Hibernate Commons Annotations {5.1.0.Final}
2019-thg 11-11 03:09:08.751 INFO  [main] o.h.d.Dialect - HHH000400: Using dialect: org.hibernate.dialect.PostgreSQLDialect
2019-thg 11-11 03:09:08.959 WARN  [main] o.h.m.RootClass - HHH000038: Composite-id class does not override equals(): com.demo.LogicJob.Entity.UserConnection
2019-thg 11-11 03:09:08.960 WARN  [main] o.h.m.RootClass - HHH000039: Composite-id class does not override hashCode(): com.demo.LogicJob.Entity.UserConnection
2019-thg 11-11 03:09:09.702 INFO  [main] o.h.e.t.j.p.i.JtaPlatformInitiator - HHH000490: Using JtaPlatform implementation: [org.hibernate.engine.transaction.jta.platform.internal.NoJtaPlatform]
2019-thg 11-11 03:09:09.711 INFO  [main] o.s.o.j.LocalContainerEntityManagerFactoryBean - Initialized JPA EntityManagerFactory for persistence unit 'default'
2019-thg 11-11 03:09:10.156 WARN  [main] o.s.b.a.o.j.JpaBaseConfiguration$JpaWebConfiguration - spring.jpa.open-in-view is enabled by default. Therefore, database queries may be performed during view rendering. Explicitly configure spring.jpa.open-in-view to disable this warning
2019-thg 11-11 03:09:10.754 INFO  [main] o.s.s.w.DefaultSecurityFilterChain - Creating filter chain: any request, [org.springframework.security.web.context.request.async.WebAsyncManagerIntegrationFilter@460aa24e, org.springframework.security.web.context.SecurityContextPersistenceFilter@7f53a31f, org.springframework.security.web.header.HeaderWriterFilter@4a3333be, org.springframework.security.web.authentication.logout.LogoutFilter@5e02fb23, org.springframework.social.security.SocialAuthenticationFilter@6369d01c, org.springframework.security.web.authentication.UsernamePasswordAuthenticationFilter@62159fd, org.springframework.security.web.savedrequest.RequestCacheAwareFilter@29d563bd, org.springframework.security.web.servletapi.SecurityContextHolderAwareRequestFilter@46290193, org.springframework.security.web.authentication.AnonymousAuthenticationFilter@5aa334c, org.springframework.security.web.session.SessionManagementFilter@4f55a864, org.springframework.security.web.access.ExceptionTranslationFilter@5eb041b5, org.springframework.security.web.access.intercept.FilterSecurityInterceptor@665f88e1]
2019-thg 11-11 03:09:10.945 INFO  [main] o.s.s.c.ThreadPoolTaskExecutor - Initializing ExecutorService 'applicationTaskExecutor'
2019-thg 11-11 03:09:11.124 INFO  [main] o.s.s.c.ThreadPoolTaskScheduler - Initializing ExecutorService 'taskScheduler'
2019-thg 11-11 03:09:11.190 INFO  [main] o.s.b.w.e.t.TomcatWebServer - Tomcat started on port(s): 8080 (http) with context path ''
2019-thg 11-11 03:09:11.193 INFO  [main] c.d.L.LogicJobApplication - Started LogicJobApplication in 5.519 seconds (JVM running for 6.699)
2019-thg 11-11 03:09:40.318 INFO  [SpringContextShutdownHook] o.s.s.c.ThreadPoolTaskScheduler - Shutting down ExecutorService 'taskScheduler'
2019-thg 11-11 03:09:40.322 INFO  [SpringContextShutdownHook] o.s.s.c.ThreadPoolTaskExecutor - Shutting down ExecutorService 'applicationTaskExecutor'
2019-thg 11-11 03:09:40.324 INFO  [SpringContextShutdownHook] o.s.o.j.LocalContainerEntityManagerFactoryBean - Closing JPA EntityManagerFactory for persistence unit 'default'
2019-thg 11-11 03:09:40.327 INFO  [SpringContextShutdownHook] c.z.h.HikariDataSource - HikariPool-1 - Shutdown initiated...
2019-thg 11-11 03:09:40.333 INFO  [SpringContextShutdownHook] c.z.h.HikariDataSource - HikariPool-1 - Shutdown completed.
2019-thg 11-11 03:09:47.083 INFO  [main] c.d.L.LogicJobApplication - Starting LogicJobApplication on DESKTOP-S9FK9UB with PID 14684 (started by johny in C:\Users\johny\OneDrive\Máy tính\Github\logicJob)
2019-thg 11-11 03:09:47.087 INFO  [main] c.d.L.LogicJobApplication - No active profile set, falling back to default profiles: default
2019-thg 11-11 03:09:47.902 INFO  [main] o.s.d.r.c.RepositoryConfigurationDelegate - Bootstrapping Spring Data repositories in DEFAULT mode.
2019-thg 11-11 03:09:48.011 INFO  [main] o.s.d.r.c.RepositoryConfigurationDelegate - Finished Spring Data repository scanning in 100ms. Found 5 repository interfaces.
2019-thg 11-11 03:09:48.370 INFO  [main] o.s.c.s.PostProcessorRegistrationDelegate$BeanPostProcessorChecker - Bean 'org.springframework.transaction.annotation.ProxyTransactionManagementConfiguration' of type [org.springframework.transaction.annotation.ProxyTransactionManagementConfiguration] is not eligible for getting processed by all BeanPostProcessors (for example: not eligible for auto-proxying)
2019-thg 11-11 03:09:48.631 INFO  [main] o.s.b.w.e.t.TomcatWebServer - Tomcat initialized with port(s): 8080 (http)
2019-thg 11-11 03:09:48.640 INFO  [main] o.a.c.c.StandardService - Starting service [Tomcat]
2019-thg 11-11 03:09:48.640 INFO  [main] o.a.c.c.StandardEngine - Starting Servlet engine: [Apache Tomcat/9.0.27]
2019-thg 11-11 03:09:48.762 INFO  [main] o.a.c.c.C.[.[.[/] - Initializing Spring embedded WebApplicationContext
2019-thg 11-11 03:09:48.762 INFO  [main] o.s.w.c.ContextLoader - Root WebApplicationContext: initialization completed in 1611 ms
2019-thg 11-11 03:09:48.895 INFO  [main] o.f.c.i.l.VersionPrinter - Flyway Community Edition 6.0.6 by Redgate
2019-thg 11-11 03:09:48.903 INFO  [main] c.z.h.HikariDataSource - HikariPool-1 - Starting...
2019-thg 11-11 03:09:49.016 INFO  [main] c.z.h.HikariDataSource - HikariPool-1 - Start completed.
2019-thg 11-11 03:09:49.030 INFO  [main] o.f.c.i.d.DatabaseFactory - Database: jdbc:postgresql://127.0.0.1:5432/demoLogicJob (PostgreSQL 11.5)
2019-thg 11-11 03:09:49.067 INFO  [main] o.f.c.i.c.DbValidate - Successfully validated 1 migration (execution time 00:00.020s)
2019-thg 11-11 03:09:49.073 INFO  [main] o.f.c.i.c.DbMigrate - Current version of schema "public": 1
2019-thg 11-11 03:09:49.075 INFO  [main] o.f.c.i.c.DbMigrate - Schema "public" is up to date. No migration necessary.
2019-thg 11-11 03:09:49.225 INFO  [main] o.h.j.i.u.LogHelper - HHH000204: Processing PersistenceUnitInfo [name: default]
2019-thg 11-11 03:09:49.295 INFO  [main] o.h.Version - HHH000412: Hibernate Core {5.4.6.Final}
2019-thg 11-11 03:09:49.443 INFO  [main] o.h.a.c.Version - HCANN000001: Hibernate Commons Annotations {5.1.0.Final}
2019-thg 11-11 03:09:49.552 INFO  [main] o.h.d.Dialect - HHH000400: Using dialect: org.hibernate.dialect.PostgreSQLDialect
2019-thg 11-11 03:09:49.758 WARN  [main] o.h.m.RootClass - HHH000038: Composite-id class does not override equals(): com.demo.LogicJob.Entity.UserConnection
2019-thg 11-11 03:09:49.758 WARN  [main] o.h.m.RootClass - HHH000039: Composite-id class does not override hashCode(): com.demo.LogicJob.Entity.UserConnection
2019-thg 11-11 03:09:50.518 INFO  [main] o.h.e.t.j.p.i.JtaPlatformInitiator - HHH000490: Using JtaPlatform implementation: [org.hibernate.engine.transaction.jta.platform.internal.NoJtaPlatform]
2019-thg 11-11 03:09:50.527 INFO  [main] o.s.o.j.LocalContainerEntityManagerFactoryBean - Initialized JPA EntityManagerFactory for persistence unit 'default'
2019-thg 11-11 03:09:50.969 WARN  [main] o.s.b.a.o.j.JpaBaseConfiguration$JpaWebConfiguration - spring.jpa.open-in-view is enabled by default. Therefore, database queries may be performed during view rendering. Explicitly configure spring.jpa.open-in-view to disable this warning
2019-thg 11-11 03:09:51.354 INFO  [main] o.s.s.w.DefaultSecurityFilterChain - Creating filter chain: any request, [org.springframework.security.web.context.request.async.WebAsyncManagerIntegrationFilter@44117b0d, org.springframework.security.web.context.SecurityContextPersistenceFilter@4942e6af, org.springframework.security.web.header.HeaderWriterFilter@3225d950, org.springframework.security.web.authentication.logout.LogoutFilter@5513a46b, org.springframework.social.security.SocialAuthenticationFilter@2f29e630, org.springframework.security.web.authentication.UsernamePasswordAuthenticationFilter@6f95654c, org.springframework.security.web.savedrequest.RequestCacheAwareFilter@669daa93, org.springframework.security.web.servletapi.SecurityContextHolderAwareRequestFilter@3fb1948c, org.springframework.security.web.authentication.AnonymousAuthenticationFilter@58679ff, org.springframework.security.web.session.SessionManagementFilter@470a446f, org.springframework.security.web.access.ExceptionTranslationFilter@57617a75, org.springframework.security.web.access.intercept.FilterSecurityInterceptor@38ad86b1]
2019-thg 11-11 03:09:51.543 INFO  [main] o.s.s.c.ThreadPoolTaskExecutor - Initializing ExecutorService 'applicationTaskExecutor'
2019-thg 11-11 03:09:51.724 INFO  [main] o.s.s.c.ThreadPoolTaskScheduler - Initializing ExecutorService 'taskScheduler'
2019-thg 11-11 03:09:51.784 INFO  [main] o.s.b.w.e.t.TomcatWebServer - Tomcat started on port(s): 8080 (http) with context path ''
2019-thg 11-11 03:09:51.787 INFO  [main] c.d.L.LogicJobApplication - Started LogicJobApplication in 5.283 seconds (JVM running for 6.537)
2019-thg 11-11 03:09:54.905 INFO  [http-nio-8080-exec-1] o.a.c.c.C.[.[.[/] - Initializing Spring DispatcherServlet 'dispatcherServlet'
2019-thg 11-11 03:09:54.906 INFO  [http-nio-8080-exec-1] o.s.w.s.DispatcherServlet - Initializing Servlet 'dispatcherServlet'
2019-thg 11-11 03:09:54.914 INFO  [http-nio-8080-exec-1] o.s.w.s.DispatcherServlet - Completed initialization in 8 ms
2019-thg 11-11 03:09:58.125 INFO  [http-nio-8080-exec-3] c.d.L.S.UserDetailsServiceImpl - User admin has been found!
2019-thg 11-11 03:10:44.941 INFO  [SpringContextShutdownHook] o.s.s.c.ThreadPoolTaskScheduler - Shutting down ExecutorService 'taskScheduler'
2019-thg 11-11 03:10:44.942 INFO  [SpringContextShutdownHook] o.s.s.c.ThreadPoolTaskExecutor - Shutting down ExecutorService 'applicationTaskExecutor'
2019-thg 11-11 03:10:44.944 INFO  [SpringContextShutdownHook] o.s.o.j.LocalContainerEntityManagerFactoryBean - Closing JPA EntityManagerFactory for persistence unit 'default'
2019-thg 11-11 03:10:44.948 INFO  [SpringContextShutdownHook] c.z.h.HikariDataSource - HikariPool-1 - Shutdown initiated...
2019-thg 11-11 03:10:44.954 INFO  [SpringContextShutdownHook] c.z.h.HikariDataSource - HikariPool-1 - Shutdown completed.
2019-thg 11-11 03:10:51.830 INFO  [main] c.d.L.LogicJobApplication - Starting LogicJobApplication on DESKTOP-S9FK9UB with PID 16740 (started by johny in C:\Users\johny\OneDrive\Máy tính\Github\logicJob)
2019-thg 11-11 03:10:51.834 INFO  [main] c.d.L.LogicJobApplication - No active profile set, falling back to default profiles: default
2019-thg 11-11 03:10:52.657 INFO  [main] o.s.d.r.c.RepositoryConfigurationDelegate - Bootstrapping Spring Data repositories in DEFAULT mode.
2019-thg 11-11 03:10:52.765 INFO  [main] o.s.d.r.c.RepositoryConfigurationDelegate - Finished Spring Data repository scanning in 99ms. Found 5 repository interfaces.
2019-thg 11-11 03:10:53.094 INFO  [main] o.s.c.s.PostProcessorRegistrationDelegate$BeanPostProcessorChecker - Bean 'org.springframework.transaction.annotation.ProxyTransactionManagementConfiguration' of type [org.springframework.transaction.annotation.ProxyTransactionManagementConfiguration] is not eligible for getting processed by all BeanPostProcessors (for example: not eligible for auto-proxying)
2019-thg 11-11 03:10:53.338 INFO  [main] o.s.b.w.e.t.TomcatWebServer - Tomcat initialized with port(s): 8080 (http)
2019-thg 11-11 03:10:53.346 INFO  [main] o.a.c.c.StandardService - Starting service [Tomcat]
2019-thg 11-11 03:10:53.346 INFO  [main] o.a.c.c.StandardEngine - Starting Servlet engine: [Apache Tomcat/9.0.27]
2019-thg 11-11 03:10:53.466 INFO  [main] o.a.c.c.C.[.[.[/] - Initializing Spring embedded WebApplicationContext
2019-thg 11-11 03:10:53.466 INFO  [main] o.s.w.c.ContextLoader - Root WebApplicationContext: initialization completed in 1564 ms
2019-thg 11-11 03:10:53.593 INFO  [main] o.f.c.i.l.VersionPrinter - Flyway Community Edition 6.0.6 by Redgate
2019-thg 11-11 03:10:53.601 INFO  [main] c.z.h.HikariDataSource - HikariPool-1 - Starting...
2019-thg 11-11 03:10:53.704 INFO  [main] c.z.h.HikariDataSource - HikariPool-1 - Start completed.
2019-thg 11-11 03:10:53.718 INFO  [main] o.f.c.i.d.DatabaseFactory - Database: jdbc:postgresql://127.0.0.1:5432/demoLogicJob (PostgreSQL 11.5)
2019-thg 11-11 03:10:53.753 INFO  [main] o.f.c.i.c.DbValidate - Successfully validated 1 migration (execution time 00:00.019s)
2019-thg 11-11 03:10:53.760 INFO  [main] o.f.c.i.c.DbMigrate - Current version of schema "public": 1
2019-thg 11-11 03:10:53.761 INFO  [main] o.f.c.i.c.DbMigrate - Schema "public" is up to date. No migration necessary.
2019-thg 11-11 03:10:53.921 INFO  [main] o.h.j.i.u.LogHelper - HHH000204: Processing PersistenceUnitInfo [name: default]
2019-thg 11-11 03:10:53.991 INFO  [main] o.h.Version - HHH000412: Hibernate Core {5.4.6.Final}
2019-thg 11-11 03:10:54.137 INFO  [main] o.h.a.c.Version - HCANN000001: Hibernate Commons Annotations {5.1.0.Final}
2019-thg 11-11 03:10:54.264 INFO  [main] o.h.d.Dialect - HHH000400: Using dialect: org.hibernate.dialect.PostgreSQLDialect
2019-thg 11-11 03:10:54.472 WARN  [main] o.h.m.RootClass - HHH000038: Composite-id class does not override equals(): com.demo.LogicJob.Entity.UserConnection
2019-thg 11-11 03:10:54.472 WARN  [main] o.h.m.RootClass - HHH000039: Composite-id class does not override hashCode(): com.demo.LogicJob.Entity.UserConnection
2019-thg 11-11 03:10:55.333 INFO  [main] o.h.e.t.j.p.i.JtaPlatformInitiator - HHH000490: Using JtaPlatform implementation: [org.hibernate.engine.transaction.jta.platform.internal.NoJtaPlatform]
2019-thg 11-11 03:10:55.342 INFO  [main] o.s.o.j.LocalContainerEntityManagerFactoryBean - Initialized JPA EntityManagerFactory for persistence unit 'default'
2019-thg 11-11 03:10:55.848 WARN  [main] o.s.b.a.o.j.JpaBaseConfiguration$JpaWebConfiguration - spring.jpa.open-in-view is enabled by default. Therefore, database queries may be performed during view rendering. Explicitly configure spring.jpa.open-in-view to disable this warning
2019-thg 11-11 03:10:56.234 INFO  [main] o.s.s.w.DefaultSecurityFilterChain - Creating filter chain: any request, [org.springframework.security.web.context.request.async.WebAsyncManagerIntegrationFilter@1fa44f66, org.springframework.security.web.context.SecurityContextPersistenceFilter@7d07e04e, org.springframework.security.web.header.HeaderWriterFilter@2ea4e762, org.springframework.security.web.authentication.logout.LogoutFilter@76b019c4, org.springframework.social.security.SocialAuthenticationFilter@7512a9a6, org.springframework.security.web.authentication.UsernamePasswordAuthenticationFilter@767cc126, org.springframework.security.web.savedrequest.RequestCacheAwareFilter@770cbe5d, org.springframework.security.web.servletapi.SecurityContextHolderAwareRequestFilter@4745bcc6, org.springframework.security.web.authentication.AnonymousAuthenticationFilter@4229b92c, org.springframework.security.web.session.SessionManagementFilter@36931450, org.springframework.security.web.access.ExceptionTranslationFilter@1e466d, org.springframework.security.web.access.intercept.FilterSecurityInterceptor@44a98a23]
2019-thg 11-11 03:10:56.423 INFO  [main] o.s.s.c.ThreadPoolTaskExecutor - Initializing ExecutorService 'applicationTaskExecutor'
2019-thg 11-11 03:10:56.629 INFO  [main] o.s.s.c.ThreadPoolTaskScheduler - Initializing ExecutorService 'taskScheduler'
2019-thg 11-11 03:10:56.689 INFO  [main] o.s.b.w.e.t.TomcatWebServer - Tomcat started on port(s): 8080 (http) with context path ''
2019-thg 11-11 03:10:56.691 INFO  [main] c.d.L.LogicJobApplication - Started LogicJobApplication in 5.445 seconds (JVM running for 6.739)
2019-thg 11-11 03:10:57.526 INFO  [http-nio-8080-exec-1] o.a.c.c.C.[.[.[/] - Initializing Spring DispatcherServlet 'dispatcherServlet'
2019-thg 11-11 03:10:57.526 INFO  [http-nio-8080-exec-1] o.s.w.s.DispatcherServlet - Initializing Servlet 'dispatcherServlet'
2019-thg 11-11 03:10:57.534 INFO  [http-nio-8080-exec-1] o.s.w.s.DispatcherServlet - Completed initialization in 8 ms
2019-thg 11-11 03:11:01.782 INFO  [http-nio-8080-exec-3] c.d.L.S.UserDetailsServiceImpl - User admin has been found!
2019-thg 11-11 03:11:28.529 INFO  [http-nio-8080-exec-5] c.d.L.S.UserDetailsServiceImpl - User johny.hitwell@gmail.com has been found!
2019-thg 11-11 03:11:42.426 INFO  [http-nio-8080-exec-4] c.d.L.S.UserDetailsServiceImpl - User johny.hitwell1@gmail.com has been found!
2019-thg 11-11 03:16:04.000 INFO  [SpringContextShutdownHook] o.s.s.c.ThreadPoolTaskScheduler - Shutting down ExecutorService 'taskScheduler'
2019-thg 11-11 03:16:04.001 INFO  [SpringContextShutdownHook] o.s.s.c.ThreadPoolTaskExecutor - Shutting down ExecutorService 'applicationTaskExecutor'
2019-thg 11-11 03:16:04.003 INFO  [SpringContextShutdownHook] o.s.o.j.LocalContainerEntityManagerFactoryBean - Closing JPA EntityManagerFactory for persistence unit 'default'
2019-thg 11-11 03:16:04.005 INFO  [SpringContextShutdownHook] c.z.h.HikariDataSource - HikariPool-1 - Shutdown initiated...
2019-thg 11-11 03:16:04.011 INFO  [SpringContextShutdownHook] c.z.h.HikariDataSource - HikariPool-1 - Shutdown completed.
2019-thg 11-11 03:16:11.484 INFO  [main] c.d.L.LogicJobApplication - Starting LogicJobApplication on DESKTOP-S9FK9UB with PID 11860 (started by johny in C:\Users\johny\OneDrive\Máy tính\Github\logicJob)
2019-thg 11-11 03:16:11.488 INFO  [main] c.d.L.LogicJobApplication - No active profile set, falling back to default profiles: default
2019-thg 11-11 03:16:12.364 INFO  [main] o.s.d.r.c.RepositoryConfigurationDelegate - Bootstrapping Spring Data repositories in DEFAULT mode.
2019-thg 11-11 03:16:12.473 INFO  [main] o.s.d.r.c.RepositoryConfigurationDelegate - Finished Spring Data repository scanning in 101ms. Found 5 repository interfaces.
2019-thg 11-11 03:16:12.814 INFO  [main] o.s.c.s.PostProcessorRegistrationDelegate$BeanPostProcessorChecker - Bean 'org.springframework.transaction.annotation.ProxyTransactionManagementConfiguration' of type [org.springframework.transaction.annotation.ProxyTransactionManagementConfiguration] is not eligible for getting processed by all BeanPostProcessors (for example: not eligible for auto-proxying)
2019-thg 11-11 03:16:13.068 INFO  [main] o.s.b.w.e.t.TomcatWebServer - Tomcat initialized with port(s): 8080 (http)
2019-thg 11-11 03:16:13.076 INFO  [main] o.a.c.c.StandardService - Starting service [Tomcat]
2019-thg 11-11 03:16:13.077 INFO  [main] o.a.c.c.StandardEngine - Starting Servlet engine: [Apache Tomcat/9.0.27]
2019-thg 11-11 03:16:13.195 INFO  [main] o.a.c.c.C.[.[.[/] - Initializing Spring embedded WebApplicationContext
2019-thg 11-11 03:16:13.195 INFO  [main] o.s.w.c.ContextLoader - Root WebApplicationContext: initialization completed in 1644 ms
2019-thg 11-11 03:16:13.320 INFO  [main] o.f.c.i.l.VersionPrinter - Flyway Community Edition 6.0.6 by Redgate
2019-thg 11-11 03:16:13.327 INFO  [main] c.z.h.HikariDataSource - HikariPool-1 - Starting...
2019-thg 11-11 03:16:13.430 INFO  [main] c.z.h.HikariDataSource - HikariPool-1 - Start completed.
2019-thg 11-11 03:16:13.444 INFO  [main] o.f.c.i.d.DatabaseFactory - Database: jdbc:postgresql://127.0.0.1:5432/demoLogicJob (PostgreSQL 11.5)
2019-thg 11-11 03:16:13.478 INFO  [main] o.f.c.i.c.DbValidate - Successfully validated 1 migration (execution time 00:00.019s)
2019-thg 11-11 03:16:13.485 INFO  [main] o.f.c.i.c.DbMigrate - Current version of schema "public": 1
2019-thg 11-11 03:16:13.486 INFO  [main] o.f.c.i.c.DbMigrate - Schema "public" is up to date. No migration necessary.
2019-thg 11-11 03:16:13.635 INFO  [main] o.h.j.i.u.LogHelper - HHH000204: Processing PersistenceUnitInfo [name: default]
2019-thg 11-11 03:16:13.712 INFO  [main] o.h.Version - HHH000412: Hibernate Core {5.4.6.Final}
2019-thg 11-11 03:16:13.860 INFO  [main] o.h.a.c.Version - HCANN000001: Hibernate Commons Annotations {5.1.0.Final}
2019-thg 11-11 03:16:13.972 INFO  [main] o.h.d.Dialect - HHH000400: Using dialect: org.hibernate.dialect.PostgreSQLDialect
2019-thg 11-11 03:16:14.172 WARN  [main] o.h.m.RootClass - HHH000038: Composite-id class does not override equals(): com.demo.LogicJob.Entity.UserConnection
2019-thg 11-11 03:16:14.172 WARN  [main] o.h.m.RootClass - HHH000039: Composite-id class does not override hashCode(): com.demo.LogicJob.Entity.UserConnection
2019-thg 11-11 03:16:14.918 INFO  [main] o.h.e.t.j.p.i.JtaPlatformInitiator - HHH000490: Using JtaPlatform implementation: [org.hibernate.engine.transaction.jta.platform.internal.NoJtaPlatform]
2019-thg 11-11 03:16:14.928 INFO  [main] o.s.o.j.LocalContainerEntityManagerFactoryBean - Initialized JPA EntityManagerFactory for persistence unit 'default'
2019-thg 11-11 03:16:15.372 WARN  [main] o.s.b.a.o.j.JpaBaseConfiguration$JpaWebConfiguration - spring.jpa.open-in-view is enabled by default. Therefore, database queries may be performed during view rendering. Explicitly configure spring.jpa.open-in-view to disable this warning
2019-thg 11-11 03:16:15.741 INFO  [main] o.s.s.w.DefaultSecurityFilterChain - Creating filter chain: any request, [org.springframework.security.web.context.request.async.WebAsyncManagerIntegrationFilter@4942e6af, org.springframework.security.web.context.SecurityContextPersistenceFilter@63551c66, org.springframework.security.web.header.HeaderWriterFilter@1820f274, org.springframework.security.web.authentication.logout.LogoutFilter@6f36e806, org.springframework.social.security.SocialAuthenticationFilter@64fba3e6, org.springframework.security.web.authentication.UsernamePasswordAuthenticationFilter@64cdc310, org.springframework.security.web.savedrequest.RequestCacheAwareFilter@4cf15477, org.springframework.security.web.servletapi.SecurityContextHolderAwareRequestFilter@64186f60, org.springframework.security.web.authentication.AnonymousAuthenticationFilter@73a1a1b4, org.springframework.security.web.session.SessionManagementFilter@4d66cb, org.springframework.security.web.access.ExceptionTranslationFilter@28515443, org.springframework.security.web.access.intercept.FilterSecurityInterceptor@5af641d3]
2019-thg 11-11 03:16:15.921 INFO  [main] o.s.s.c.ThreadPoolTaskExecutor - Initializing ExecutorService 'applicationTaskExecutor'
2019-thg 11-11 03:16:16.098 INFO  [main] o.s.s.c.ThreadPoolTaskScheduler - Initializing ExecutorService 'taskScheduler'
2019-thg 11-11 03:16:16.158 INFO  [main] o.s.b.w.e.t.TomcatWebServer - Tomcat started on port(s): 8080 (http) with context path ''
2019-thg 11-11 03:16:16.161 INFO  [main] c.d.L.LogicJobApplication - Started LogicJobApplication in 5.233 seconds (JVM running for 6.59)
2019-thg 11-11 03:16:19.842 INFO  [http-nio-8080-exec-1] o.a.c.c.C.[.[.[/] - Initializing Spring DispatcherServlet 'dispatcherServlet'
2019-thg 11-11 03:16:19.842 INFO  [http-nio-8080-exec-1] o.s.w.s.DispatcherServlet - Initializing Servlet 'dispatcherServlet'
2019-thg 11-11 03:16:19.853 INFO  [http-nio-8080-exec-1] o.s.w.s.DispatcherServlet - Completed initialization in 11 ms
2019-thg 11-11 03:16:28.744 INFO  [http-nio-8080-exec-6] c.d.L.S.UserDetailsServiceImpl - User johny.hitwell1@gmail.com has been found!
2019-thg 11-11 03:16:50.758 INFO  [http-nio-8080-exec-8] c.d.L.S.UserDetailsServiceImpl - User johny.hitwell@gmail.com has been found!
2019-thg 11-11 03:30:00.043 INFO  [scheduling-1] c.d.L.S.UserMapperImpl - Convert appUser to appUserForm successfully! User: admin
2019-thg 11-11 03:30:00.083 INFO  [scheduling-1] c.d.L.S.UserMapperImpl - Convert appUser to appUserForm successfully! User: johny.hitwell@gmail.com
2019-thg 11-11 03:30:00.087 INFO  [scheduling-1] c.d.L.S.UserMapperImpl - Convert appUser to appUserForm successfully! User: johny.hitwell1@gmail.com
2019-thg 11-11 03:31:02.774 INFO  [SpringContextShutdownHook] o.s.s.c.ThreadPoolTaskScheduler - Shutting down ExecutorService 'taskScheduler'
2019-thg 11-11 03:31:02.776 INFO  [SpringContextShutdownHook] o.s.s.c.ThreadPoolTaskExecutor - Shutting down ExecutorService 'applicationTaskExecutor'
2019-thg 11-11 03:31:02.778 INFO  [SpringContextShutdownHook] o.s.o.j.LocalContainerEntityManagerFactoryBean - Closing JPA EntityManagerFactory for persistence unit 'default'
2019-thg 11-11 03:31:02.782 INFO  [SpringContextShutdownHook] c.z.h.HikariDataSource - HikariPool-1 - Shutdown initiated...
2019-thg 11-11 03:31:02.789 INFO  [SpringContextShutdownHook] c.z.h.HikariDataSource - HikariPool-1 - Shutdown completed.
2019-thg 11-11 03:31:09.895 INFO  [main] c.d.L.LogicJobApplication - Starting LogicJobApplication on DESKTOP-S9FK9UB with PID 17284 (started by johny in C:\Users\johny\OneDrive\Máy tính\Github\logicJob)
2019-thg 11-11 03:31:09.900 INFO  [main] c.d.L.LogicJobApplication - No active profile set, falling back to default profiles: default
2019-thg 11-11 03:31:10.780 INFO  [main] o.s.d.r.c.RepositoryConfigurationDelegate - Bootstrapping Spring Data repositories in DEFAULT mode.
2019-thg 11-11 03:31:10.892 INFO  [main] o.s.d.r.c.RepositoryConfigurationDelegate - Finished Spring Data repository scanning in 103ms. Found 5 repository interfaces.
2019-thg 11-11 03:31:11.258 INFO  [main] o.s.c.s.PostProcessorRegistrationDelegate$BeanPostProcessorChecker - Bean 'org.springframework.transaction.annotation.ProxyTransactionManagementConfiguration' of type [org.springframework.transaction.annotation.ProxyTransactionManagementConfiguration] is not eligible for getting processed by all BeanPostProcessors (for example: not eligible for auto-proxying)
2019-thg 11-11 03:31:11.587 INFO  [main] o.s.b.w.e.t.TomcatWebServer - Tomcat initialized with port(s): 8080 (http)
2019-thg 11-11 03:31:11.597 INFO  [main] o.a.c.c.StandardService - Starting service [Tomcat]
2019-thg 11-11 03:31:11.597 INFO  [main] o.a.c.c.StandardEngine - Starting Servlet engine: [Apache Tomcat/9.0.27]
2019-thg 11-11 03:31:11.732 INFO  [main] o.a.c.c.C.[.[.[/] - Initializing Spring embedded WebApplicationContext
2019-thg 11-11 03:31:11.733 INFO  [main] o.s.w.c.ContextLoader - Root WebApplicationContext: initialization completed in 1761 ms
2019-thg 11-11 03:31:11.859 INFO  [main] o.f.c.i.l.VersionPrinter - Flyway Community Edition 6.0.6 by Redgate
2019-thg 11-11 03:31:11.866 INFO  [main] c.z.h.HikariDataSource - HikariPool-1 - Starting...
2019-thg 11-11 03:31:11.970 INFO  [main] c.z.h.HikariDataSource - HikariPool-1 - Start completed.
2019-thg 11-11 03:31:11.985 INFO  [main] o.f.c.i.d.DatabaseFactory - Database: jdbc:postgresql://127.0.0.1:5432/demoLogicJob (PostgreSQL 11.5)
2019-thg 11-11 03:31:12.020 INFO  [main] o.f.c.i.c.DbValidate - Successfully validated 1 migration (execution time 00:00.020s)
2019-thg 11-11 03:31:12.027 INFO  [main] o.f.c.i.c.DbMigrate - Current version of schema "public": 1
2019-thg 11-11 03:31:12.028 INFO  [main] o.f.c.i.c.DbMigrate - Schema "public" is up to date. No migration necessary.
2019-thg 11-11 03:31:12.203 INFO  [main] o.h.j.i.u.LogHelper - HHH000204: Processing PersistenceUnitInfo [name: default]
2019-thg 11-11 03:31:12.284 INFO  [main] o.h.Version - HHH000412: Hibernate Core {5.4.6.Final}
2019-thg 11-11 03:31:12.451 INFO  [main] o.h.a.c.Version - HCANN000001: Hibernate Commons Annotations {5.1.0.Final}
2019-thg 11-11 03:31:12.578 INFO  [main] o.h.d.Dialect - HHH000400: Using dialect: org.hibernate.dialect.PostgreSQLDialect
2019-thg 11-11 03:31:12.799 WARN  [main] o.h.m.RootClass - HHH000038: Composite-id class does not override equals(): com.demo.LogicJob.Entity.UserConnection
2019-thg 11-11 03:31:12.800 WARN  [main] o.h.m.RootClass - HHH000039: Composite-id class does not override hashCode(): com.demo.LogicJob.Entity.UserConnection
2019-thg 11-11 03:31:13.663 INFO  [main] o.h.e.t.j.p.i.JtaPlatformInitiator - HHH000490: Using JtaPlatform implementation: [org.hibernate.engine.transaction.jta.platform.internal.NoJtaPlatform]
2019-thg 11-11 03:31:13.673 INFO  [main] o.s.o.j.LocalContainerEntityManagerFactoryBean - Initialized JPA EntityManagerFactory for persistence unit 'default'
2019-thg 11-11 03:31:14.138 WARN  [main] o.s.b.a.o.j.JpaBaseConfiguration$JpaWebConfiguration - spring.jpa.open-in-view is enabled by default. Therefore, database queries may be performed during view rendering. Explicitly configure spring.jpa.open-in-view to disable this warning
2019-thg 11-11 03:31:14.565 INFO  [main] o.s.s.w.DefaultSecurityFilterChain - Creating filter chain: any request, [org.springframework.security.web.context.request.async.WebAsyncManagerIntegrationFilter@6ad7a305, org.springframework.security.web.context.SecurityContextPersistenceFilter@7aef21bb, org.springframework.security.web.header.HeaderWriterFilter@3e18e693, org.springframework.security.web.authentication.logout.LogoutFilter@32fd5bc, org.springframework.social.security.SocialAuthenticationFilter@7f53a31f, org.springframework.security.web.authentication.UsernamePasswordAuthenticationFilter@129aaac1, org.springframework.security.web.savedrequest.RequestCacheAwareFilter@642614b7, org.springframework.security.web.servletapi.SecurityContextHolderAwareRequestFilter@272c5abd, org.springframework.security.web.authentication.AnonymousAuthenticationFilter@2fc435e9, org.springframework.security.web.session.SessionManagementFilter@57fc6759, org.springframework.security.web.access.ExceptionTranslationFilter@4c24c40a, org.springframework.security.web.access.intercept.FilterSecurityInterceptor@73a1a1b4]
2019-thg 11-11 03:31:14.765 INFO  [main] o.s.s.c.ThreadPoolTaskExecutor - Initializing ExecutorService 'applicationTaskExecutor'
2019-thg 11-11 03:31:14.941 INFO  [main] o.s.s.c.ThreadPoolTaskScheduler - Initializing ExecutorService 'taskScheduler'
2019-thg 11-11 03:31:15.000 INFO  [main] o.s.b.w.e.t.TomcatWebServer - Tomcat started on port(s): 8080 (http) with context path ''
2019-thg 11-11 03:31:15.002 INFO  [main] c.d.L.LogicJobApplication - Started LogicJobApplication in 5.749 seconds (JVM running for 7.031)
2019-thg 11-11 03:31:17.024 INFO  [http-nio-8080-exec-1] o.a.c.c.C.[.[.[/] - Initializing Spring DispatcherServlet 'dispatcherServlet'
2019-thg 11-11 03:31:17.024 INFO  [http-nio-8080-exec-1] o.s.w.s.DispatcherServlet - Initializing Servlet 'dispatcherServlet'
2019-thg 11-11 03:31:17.034 INFO  [http-nio-8080-exec-1] o.s.w.s.DispatcherServlet - Completed initialization in 10 ms
2019-thg 11-11 03:31:19.903 INFO  [http-nio-8080-exec-3] c.d.L.S.UserDetailsServiceImpl - User admin has been found!
2019-thg 11-11 03:32:04.237 INFO  [http-nio-8080-exec-2] c.d.L.S.JobLogicService - JobName newJob15 was create by UserName:admin (ROLE_ADMIN)
2019-thg 11-11 03:32:41.791 INFO  [SpringContextShutdownHook] o.s.s.c.ThreadPoolTaskScheduler - Shutting down ExecutorService 'taskScheduler'
2019-thg 11-11 03:32:41.792 INFO  [SpringContextShutdownHook] o.s.s.c.ThreadPoolTaskExecutor - Shutting down ExecutorService 'applicationTaskExecutor'
2019-thg 11-11 03:32:41.795 INFO  [SpringContextShutdownHook] o.s.o.j.LocalContainerEntityManagerFactoryBean - Closing JPA EntityManagerFactory for persistence unit 'default'
2019-thg 11-11 03:32:41.798 INFO  [SpringContextShutdownHook] c.z.h.HikariDataSource - HikariPool-1 - Shutdown initiated...
2019-thg 11-11 03:32:41.803 INFO  [SpringContextShutdownHook] c.z.h.HikariDataSource - HikariPool-1 - Shutdown completed.
